<?xml version="1.0" encoding="UTF-8"?>
<!-- Generated by org.testng.reporters.JUnitXMLReporter -->
<testsuite ignored="0" hostname="QB-TP3-2221" failures="0" tests="6" name="ChromeTest" time="25.0" errors="0" timestamp="2022-09-12T17:17:21 IST">
  <testcase classname="Testcases.ManageOrderTestCases" name="Manageorders_reset_btn_size" time="2.027"/>
  <testcase classname="Testcases.ManageOrderTestCases" name="Manageorders_search_btn_size" time="1.946"/>
  <testcase classname="Testcases.ManageOrderTestCases" name="Manageorders_searchbtn_bg_clr_validation" time="1.969"/>
  <testcase classname="Testcases.ManageOrderTestCases" name="manageOredersSearchbyBank" time="1.267"/>
  <testcase classname="Testcases.ManageOrderTestCases" name="statusvalidation" time="1.535"/>
  <testcase classname="Testcases.ManageOrderTestCases" name="statusvalidation" time="1.526"/>
</testsuite> <!-- ChromeTest -->
