<?xml version="1.0" encoding="UTF-8"?>
<testng-results ignored="0" total="6" passed="6" failed="0" skipped="0">
  <reporter-output>
  </reporter-output>
  <suite started-at="2022-09-12T17:16:56 IST" name="CrossbrowserTesting2" finished-at="2022-09-12T17:17:21 IST" duration-ms="25000">
    <groups>
    </groups>
    <test started-at="2022-09-12T17:16:56 IST" name="ChromeTest" finished-at="2022-09-12T17:17:21 IST" duration-ms="25000">
      <class name="Testcases.ManageOrderTestCases">
        <test-method is-config="true" signature="beforemethod(java.lang.String)[pri:0, instance:Testcases.ManageOrderTestCases@576d5deb]" started-at="2022-09-12T17:16:56 IST" name="beforemethod" finished-at="2022-09-12T17:17:00 IST" duration-ms="3635" status="PASS">
          <params>
            <param index="0">
              <value>
                <![CDATA[chrome]]>
              </value>
            </param>
          </params>
          <reporter-output>
          </reporter-output>
        </test-method> <!-- beforemethod -->
        <test-method signature="Manageorders_reset_btn_size()[pri:0, instance:Testcases.ManageOrderTestCases@576d5deb]" started-at="2022-09-12T17:17:00 IST" name="Manageorders_reset_btn_size" finished-at="2022-09-12T17:17:02 IST" duration-ms="2027" status="PASS">
          <reporter-output>
          </reporter-output>
        </test-method> <!-- Manageorders_reset_btn_size -->
        <test-method is-config="true" signature="aftermethod(org.testng.ITestResult)[pri:0, instance:Testcases.ManageOrderTestCases@576d5deb]" started-at="2022-09-12T17:17:02 IST" name="aftermethod" finished-at="2022-09-12T17:17:02 IST" duration-ms="294" status="PASS">
          <params>
            <param index="0">
              <value>
                <![CDATA[[TestResult name=Manageorders_reset_btn_size status=SUCCESS method=ManageOrderTestCases.Manageorders_reset_btn_size()[pri:0, instance:Testcases.ManageOrderTestCases@576d5deb] output={null}]]]>
              </value>
            </param>
          </params>
          <reporter-output>
          </reporter-output>
        </test-method> <!-- aftermethod -->
        <test-method is-config="true" signature="beforemethod(java.lang.String)[pri:0, instance:Testcases.ManageOrderTestCases@576d5deb]" started-at="2022-09-12T17:17:02 IST" name="beforemethod" finished-at="2022-09-12T17:17:04 IST" duration-ms="1916" status="PASS">
          <params>
            <param index="0">
              <value>
                <![CDATA[chrome]]>
              </value>
            </param>
          </params>
          <reporter-output>
          </reporter-output>
        </test-method> <!-- beforemethod -->
        <test-method signature="Manageorders_search_btn_size()[pri:0, instance:Testcases.ManageOrderTestCases@576d5deb]" started-at="2022-09-12T17:17:04 IST" name="Manageorders_search_btn_size" finished-at="2022-09-12T17:17:06 IST" duration-ms="1946" status="PASS">
          <reporter-output>
          </reporter-output>
        </test-method> <!-- Manageorders_search_btn_size -->
        <test-method is-config="true" signature="aftermethod(org.testng.ITestResult)[pri:0, instance:Testcases.ManageOrderTestCases@576d5deb]" started-at="2022-09-12T17:17:06 IST" name="aftermethod" finished-at="2022-09-12T17:17:06 IST" duration-ms="285" status="PASS">
          <params>
            <param index="0">
              <value>
                <![CDATA[[TestResult name=Manageorders_search_btn_size status=SUCCESS method=ManageOrderTestCases.Manageorders_search_btn_size()[pri:0, instance:Testcases.ManageOrderTestCases@576d5deb] output={null}]]]>
              </value>
            </param>
          </params>
          <reporter-output>
          </reporter-output>
        </test-method> <!-- aftermethod -->
        <test-method is-config="true" signature="beforemethod(java.lang.String)[pri:0, instance:Testcases.ManageOrderTestCases@576d5deb]" started-at="2022-09-12T17:17:06 IST" name="beforemethod" finished-at="2022-09-12T17:17:08 IST" duration-ms="1861" status="PASS">
          <params>
            <param index="0">
              <value>
                <![CDATA[chrome]]>
              </value>
            </param>
          </params>
          <reporter-output>
          </reporter-output>
        </test-method> <!-- beforemethod -->
        <test-method signature="Manageorders_searchbtn_bg_clr_validation()[pri:0, instance:Testcases.ManageOrderTestCases@576d5deb]" started-at="2022-09-12T17:17:08 IST" name="Manageorders_searchbtn_bg_clr_validation" finished-at="2022-09-12T17:17:10 IST" duration-ms="1969" status="PASS">
          <reporter-output>
          </reporter-output>
        </test-method> <!-- Manageorders_searchbtn_bg_clr_validation -->
        <test-method is-config="true" signature="aftermethod(org.testng.ITestResult)[pri:0, instance:Testcases.ManageOrderTestCases@576d5deb]" started-at="2022-09-12T17:17:10 IST" name="aftermethod" finished-at="2022-09-12T17:17:10 IST" duration-ms="330" status="PASS">
          <params>
            <param index="0">
              <value>
                <![CDATA[[TestResult name=Manageorders_searchbtn_bg_clr_validation status=SUCCESS method=ManageOrderTestCases.Manageorders_searchbtn_bg_clr_validation()[pri:0, instance:Testcases.ManageOrderTestCases@576d5deb] output={null}]]]>
              </value>
            </param>
          </params>
          <reporter-output>
          </reporter-output>
        </test-method> <!-- aftermethod -->
        <test-method is-config="true" signature="beforemethod(java.lang.String)[pri:0, instance:Testcases.ManageOrderTestCases@576d5deb]" started-at="2022-09-12T17:17:10 IST" name="beforemethod" finished-at="2022-09-12T17:17:12 IST" duration-ms="1799" status="PASS">
          <params>
            <param index="0">
              <value>
                <![CDATA[chrome]]>
              </value>
            </param>
          </params>
          <reporter-output>
          </reporter-output>
        </test-method> <!-- beforemethod -->
        <test-method signature="manageOredersSearchbyBank()[pri:0, instance:Testcases.ManageOrderTestCases@576d5deb]" started-at="2022-09-12T17:17:12 IST" name="manageOredersSearchbyBank" finished-at="2022-09-12T17:17:13 IST" duration-ms="1267" status="PASS">
          <reporter-output>
          </reporter-output>
        </test-method> <!-- manageOredersSearchbyBank -->
        <test-method is-config="true" signature="aftermethod(org.testng.ITestResult)[pri:0, instance:Testcases.ManageOrderTestCases@576d5deb]" started-at="2022-09-12T17:17:13 IST" name="aftermethod" finished-at="2022-09-12T17:17:14 IST" duration-ms="320" status="PASS">
          <params>
            <param index="0">
              <value>
                <![CDATA[[TestResult name=manageOredersSearchbyBank status=SUCCESS method=ManageOrderTestCases.manageOredersSearchbyBank()[pri:0, instance:Testcases.ManageOrderTestCases@576d5deb] output={null}]]]>
              </value>
            </param>
          </params>
          <reporter-output>
          </reporter-output>
        </test-method> <!-- aftermethod -->
        <test-method is-config="true" signature="beforemethod(java.lang.String)[pri:0, instance:Testcases.ManageOrderTestCases@576d5deb]" started-at="2022-09-12T17:17:14 IST" name="beforemethod" finished-at="2022-09-12T17:17:16 IST" duration-ms="1774" status="PASS">
          <params>
            <param index="0">
              <value>
                <![CDATA[chrome]]>
              </value>
            </param>
          </params>
          <reporter-output>
          </reporter-output>
        </test-method> <!-- beforemethod -->
        <test-method signature="statusvalidation(java.lang.String)[pri:0, instance:Testcases.ManageOrderTestCases@576d5deb]" started-at="2022-09-12T17:17:16 IST" name="statusvalidation" data-provider="data-provider" finished-at="2022-09-12T17:17:17 IST" duration-ms="1535" status="PASS">
          <params>
            <param index="0">
              <value>
                <![CDATA[Select]]>
              </value>
            </param>
          </params>
          <reporter-output>
          </reporter-output>
        </test-method> <!-- statusvalidation -->
        <test-method is-config="true" signature="aftermethod(org.testng.ITestResult)[pri:0, instance:Testcases.ManageOrderTestCases@576d5deb]" started-at="2022-09-12T17:17:17 IST" name="aftermethod" finished-at="2022-09-12T17:17:17 IST" duration-ms="311" status="PASS">
          <params>
            <param index="0">
              <value>
                <![CDATA[[TestResult name=statusvalidation status=SUCCESS method=ManageOrderTestCases.statusvalidation(java.lang.String)[pri:0, instance:Testcases.ManageOrderTestCases@576d5deb] output={null}]]]>
              </value>
            </param>
          </params>
          <reporter-output>
          </reporter-output>
        </test-method> <!-- aftermethod -->
        <test-method is-config="true" signature="beforemethod(java.lang.String)[pri:0, instance:Testcases.ManageOrderTestCases@576d5deb]" started-at="2022-09-12T17:17:17 IST" name="beforemethod" finished-at="2022-09-12T17:17:19 IST" duration-ms="1801" status="PASS">
          <params>
            <param index="0">
              <value>
                <![CDATA[chrome]]>
              </value>
            </param>
          </params>
          <reporter-output>
          </reporter-output>
        </test-method> <!-- beforemethod -->
        <test-method signature="statusvalidation(java.lang.String)[pri:0, instance:Testcases.ManageOrderTestCases@576d5deb]" started-at="2022-09-12T17:17:19 IST" name="statusvalidation" data-provider="data-provider" finished-at="2022-09-12T17:17:21 IST" duration-ms="1526" status="PASS">
          <params>
            <param index="0">
              <value>
                <![CDATA[Paid]]>
              </value>
            </param>
          </params>
          <reporter-output>
          </reporter-output>
        </test-method> <!-- statusvalidation -->
        <test-method is-config="true" signature="aftermethod(org.testng.ITestResult)[pri:0, instance:Testcases.ManageOrderTestCases@576d5deb]" started-at="2022-09-12T17:17:21 IST" name="aftermethod" finished-at="2022-09-12T17:17:21 IST" duration-ms="351" status="PASS">
          <params>
            <param index="0">
              <value>
                <![CDATA[[TestResult name=statusvalidation status=SUCCESS method=ManageOrderTestCases.statusvalidation(java.lang.String)[pri:0, instance:Testcases.ManageOrderTestCases@576d5deb] output={null}]]]>
              </value>
            </param>
          </params>
          <reporter-output>
          </reporter-output>
        </test-method> <!-- aftermethod -->
      </class> <!-- Testcases.ManageOrderTestCases -->
    </test> <!-- ChromeTest -->
  </suite> <!-- CrossbrowserTesting2 -->
</testng-results>
